<?xml version="1.0" encoding="UTF-8"?>
<testng-results skipped="0" failed="0" ignored="0" total="3" passed="3">
  <reporter-output>
  </reporter-output>
  <suite name="LibrePLan System Automation Test Suite" duration-ms="101480" started-at="2019-05-13T15:35:14Z" finished-at="2019-05-13T15:36:56Z">
    <groups>
    </groups>
    <test name="LibrePLan System Automation Test" duration-ms="101480" started-at="2019-05-13T15:35:14Z" finished-at="2019-05-13T15:36:56Z">
      <class name="com.libr.qa.tests.LoginPageTest">
        <test-method status="PASS" signature="setUp()[pri:0, instance:com.libr.qa.tests.LoginPageTest@2a079c]" name="setUp" is-config="true" duration-ms="29769" started-at="2019-05-13T15:35:14Z" finished-at="2019-05-13T15:35:44Z">
          <reporter-output>
          </reporter-output>
        </test-method> <!-- setUp -->
        <test-method status="PASS" signature="LoginPageTitleTest()[pri:1, instance:com.libr.qa.tests.LoginPageTest@2a079c]" name="LoginPageTitleTest" duration-ms="32" started-at="2019-05-13T15:35:44Z" finished-at="2019-05-13T15:35:44Z">
          <reporter-output>
          </reporter-output>
        </test-method> <!-- LoginPageTitleTest -->
        <test-method status="PASS" signature="tearDown()[pri:0, instance:com.libr.qa.tests.LoginPageTest@2a079c]" name="tearDown" is-config="true" duration-ms="5942" started-at="2019-05-13T15:35:44Z" finished-at="2019-05-13T15:35:50Z">
          <reporter-output>
          </reporter-output>
        </test-method> <!-- tearDown -->
        <test-method status="PASS" signature="setUp()[pri:0, instance:com.libr.qa.tests.LoginPageTest@2a079c]" name="setUp" is-config="true" duration-ms="24219" started-at="2019-05-13T15:35:50Z" finished-at="2019-05-13T15:36:14Z">
          <reporter-output>
          </reporter-output>
        </test-method> <!-- setUp -->
        <test-method status="PASS" signature="LoginPageLogoTest()[pri:2, instance:com.libr.qa.tests.LoginPageTest@2a079c]" name="LoginPageLogoTest" duration-ms="329" started-at="2019-05-13T15:36:14Z" finished-at="2019-05-13T15:36:15Z">
          <reporter-output>
          </reporter-output>
        </test-method> <!-- LoginPageLogoTest -->
        <test-method status="PASS" signature="tearDown()[pri:0, instance:com.libr.qa.tests.LoginPageTest@2a079c]" name="tearDown" is-config="true" duration-ms="3585" started-at="2019-05-13T15:36:15Z" finished-at="2019-05-13T15:36:18Z">
          <reporter-output>
          </reporter-output>
        </test-method> <!-- tearDown -->
        <test-method status="PASS" signature="setUp()[pri:0, instance:com.libr.qa.tests.LoginPageTest@2a079c]" name="setUp" is-config="true" duration-ms="22726" started-at="2019-05-13T15:36:18Z" finished-at="2019-05-13T15:36:41Z">
          <reporter-output>
          </reporter-output>
        </test-method> <!-- setUp -->
        <test-method status="PASS" signature="loginTest()[pri:3, instance:com.libr.qa.tests.LoginPageTest@2a079c]" name="loginTest" duration-ms="11201" started-at="2019-05-13T15:36:41Z" finished-at="2019-05-13T15:36:52Z">
          <reporter-output>
          </reporter-output>
        </test-method> <!-- loginTest -->
        <test-method status="PASS" signature="tearDown()[pri:0, instance:com.libr.qa.tests.LoginPageTest@2a079c]" name="tearDown" is-config="true" duration-ms="3574" started-at="2019-05-13T15:36:52Z" finished-at="2019-05-13T15:36:56Z">
          <reporter-output>
          </reporter-output>
        </test-method> <!-- tearDown -->
      </class> <!-- com.libr.qa.tests.LoginPageTest -->
    </test> <!-- LibrePLan System Automation Test -->
  </suite> <!-- LibrePLan System Automation Test Suite -->
</testng-results>
