<?xml version="1.0" encoding="UTF-8"?>
<!-- Generated by org.testng.reporters.JUnitXMLReporter -->
<testsuite hostname="Sunil-PC" ignored="0" name="LibrePLan System Automation Test" tests="3" failures="0" timestamp="13 May 2019 15:36:56 GMT" time="101.48" errors="0">
  <testcase name="LoginPageTitleTest" time="0.032" classname="com.libr.qa.tests.LoginPageTest"/>
  <testcase name="LoginPageLogoTest" time="0.329" classname="com.libr.qa.tests.LoginPageTest"/>
  <testcase name="loginTest" time="11.201" classname="com.libr.qa.tests.LoginPageTest"/>
</testsuite> <!-- LibrePLan System Automation Test -->
